{
  "stats": {
    "suites": 1,
    "tests": 1,
    "passes": 1,
    "pending": 0,
    "failures": 0,
    "start": "2021-12-08T03:20:50.951Z",
    "end": "2021-12-08T03:21:14.847Z",
    "duration": 23896,
    "testsRegistered": 1,
    "passPercent": 100,
    "pendingPercent": 0,
    "other": 0,
    "hasOther": false,
    "skipped": 0,
    "hasSkipped": false
  },
  "results": [
    {
      "uuid": "43450217-4903-4f88-8dc5-2b3e314a6304",
      "title": "",
      "fullFile": "cypress/integration/cadastro.spec.js",
      "file": "cypress/integration/cadastro.spec.js",
      "beforeHooks": [],
      "afterHooks": [],
      "tests": [],
      "suites": [
        {
          "uuid": "169ede24-fef6-409a-aa81-b2272e029355",
          "title": "cadastro",
          "fullFile": "",
          "file": "",
          "beforeHooks": [],
          "afterHooks": [],
          "tests": [
            {
              "title": "Quando eu informar os dados e salvar, então o cadastro do usuário deve ser criado",
              "fullTitle": "cadastro Quando eu informar os dados e salvar, então o cadastro do usuário deve ser criado",
              "timedOut": null,
              "duration": 20892,
              "state": "passed",
              "speed": "slow",
              "pass": true,
              "fail": false,
              "pending": false,
              "context": null,
              "code": "cy.visit('http://automationpractice.com/index.php'); //autenticação\ncy.get('.login').click();\ncy.get('#email_create').type(chance.email());\ncy.get('#SubmitCreate').click(); //nova conta- cadastro de informações pessoais\ncy.get('#id_gender2').check();\ncy.get('input[name=customer_firstname]').type(chance.first());\ncy.get('input[name=customer_lastname]').type(chance.last());\ncy.get('input[type=password]').type('azsxdc');\ncy.get('#days').select('13');\ncy.get('#months').select('8');\ncy.get('#years').select('2000');\ncy.get('#newsletter').check(); //nova conta- cadastro de endereço\ncy.get('input[name=firstname]').type(chance.first());\ncy.get('input[name=lastname]').type(chance.last());\ncy.get('#company').type(chance.company());\ncy.get('input[name=address1]').type(chance.address());\ncy.get('input[name=address2]').type('Apto 704');\ncy.get('#city').type(chance.city());\ncy.get('select[name=id_state]').select('Alaska');\ncy.get('#postcode').type(chance.zip());\ncy.get('#other').type('Additional information');\ncy.get('#phone').type(chance.phone());\ncy.get('input[name=phone_mobile]').type(chance.phone({\n  country: 'us',\n  mobile: true\n}));\ncy.get('#alias').type(chance.address());\ncy.get('#submitAccount').click(); //validação\ncy.url().should('contain', 'my-account');\ncy.get('.info-account').should('be.visible');",
              "err": {},
              "uuid": "e419c5d4-d496-4a35-b175-4a6d3a46fb95",
              "parentUUID": "169ede24-fef6-409a-aa81-b2272e029355",
              "isHook": false,
              "skipped": false
            }
          ],
          "suites": [],
          "passes": [
            "e419c5d4-d496-4a35-b175-4a6d3a46fb95"
          ],
          "failures": [],
          "pending": [],
          "skipped": [],
          "duration": 20892,
          "root": false,
          "rootEmpty": false,
          "_timeout": 2000
        }
      ],
      "passes": [],
      "failures": [],
      "pending": [],
      "skipped": [],
      "duration": 0,
      "root": true,
      "rootEmpty": true,
      "_timeout": 2000
    }
  ],
  "meta": {
    "mocha": {
      "version": "7.0.1"
    },
    "mochawesome": {
      "options": {
        "quiet": true,
        "reportFilename": "mochawesome",
        "saveHtml": false,
        "saveJson": true,
        "consoleReporter": "spec",
        "useInlineDiffs": false,
        "code": true
      },
      "version": "7.0.1"
    },
    "marge": {
      "options": {
        "id": "default",
        "reportDir": "mochawesome-report",
        "quiet": true,
        "overWrite": false,
        "html": false,
        "json": true
      },
      "version": "6.0.1"
    }
  }
}